<?xml version="1.0" encoding="UTF-8"?>
<testng-results skipped="0" failed="0" ignored="0" total="1" passed="1">
  <reporter-output>
  </reporter-output>
  <suite name="futureloan" duration-ms="3763" started-at="2021-06-19T10:26:28Z" finished-at="2021-06-19T10:26:32Z">
    <groups>
    </groups>
    <test name="register" duration-ms="3763" started-at="2021-06-19T10:26:28Z" finished-at="2021-06-19T10:26:32Z">
      <class name="Case.ExcelUtilTest7">
        <test-method status="PASS" signature="login()[pri:0, instance:Case.ExcelUtilTest7@1d251891]" name="login" duration-ms="3740" started-at="2021-06-19T10:26:28Z" finished-at="2021-06-19T10:26:32Z">
          <reporter-output>
          </reporter-output>
        </test-method> <!-- login -->
      </class> <!-- Case.ExcelUtilTest7 -->
    </test> <!-- register -->
  </suite> <!-- futureloan -->
</testng-results>
