<?xml version="1.0" encoding="UTF-8"?>
<!-- Generated by org.testng.reporters.JUnitXMLReporter -->
<testsuite hostname="63HU5NVQ2KB4XRQ" ignored="0" name="登录" tests="4" failures="4" timestamp="25 六月 2021 13:47:28 GMT" time="13.458" errors="0">
  <testcase name="RunAutoMation" time="3.782" classname="Cases.CaseDataEntityCases2">
    <failure type="java.lang.AssertionError" message="expected [true] but found [false]">
      <![CDATA[java.lang.AssertionError: expected [true] but found [false]
at Cases.CaseDataEntityCases2.RunAutoMation(CaseDataEntityCases2.java:43)
at com.sun.proxy.$Proxy0.invoke(Unknown Source)
... Removed 37 stack frames]]>
    </failure>
  </testcase> <!-- RunAutoMation -->
  <testcase name="RunAutoMation" time="2.898" classname="Cases.CaseDataEntityCases2">
    <failure type="java.lang.AssertionError" message="expected [true] but found [false]">
      <![CDATA[java.lang.AssertionError: expected [true] but found [false]
at Cases.CaseDataEntityCases2.RunAutoMation(CaseDataEntityCases2.java:43)
at com.sun.proxy.$Proxy0.invoke(Unknown Source)
... Removed 37 stack frames]]>
    </failure>
  </testcase> <!-- RunAutoMation -->
  <testcase name="RunAutoMation" time="2.58" classname="Cases.CaseDataEntityCases2">
    <failure type="java.lang.AssertionError" message="expected [true] but found [false]">
      <![CDATA[java.lang.AssertionError: expected [true] but found [false]
at Cases.CaseDataEntityCases2.RunAutoMation(CaseDataEntityCases2.java:43)
at com.sun.proxy.$Proxy0.invoke(Unknown Source)
... Removed 37 stack frames]]>
    </failure>
  </testcase> <!-- RunAutoMation -->
  <testcase name="RunAutoMation" time="2.565" classname="Cases.CaseDataEntityCases2">
    <failure type="java.lang.AssertionError" message="expected [true] but found [false]">
      <![CDATA[java.lang.AssertionError: expected [true] but found [false]
at Cases.CaseDataEntityCases2.RunAutoMation(CaseDataEntityCases2.java:43)
at com.sun.proxy.$Proxy0.invoke(Unknown Source)
... Removed 37 stack frames]]>
    </failure>
  </testcase> <!-- RunAutoMation -->
</testsuite> <!-- 登录 -->
