<?xml version="1.0" encoding="UTF-8" ?>
<testsuite tests="4" failures="4" name="TestSuite" time="17.616" errors="0" skipped="0">
  <properties>
[...]
</properties>
  <testcase classname="Cases.CaseDataEntityCases2" name="RunAutoMation" time="2.789">
    <failure message="expected [true] but found [false]" type="java.lang.AssertionError">java.lang.AssertionError: expected [true] but found [false]
	at org.testng.Assert.fail(Assert.java:96)
	at org.testng.Assert.failNotEquals(Assert.java:776)
	at org.testng.Assert.assertTrue(Assert.java:44)
	at org.testng.Assert.assertTrue(Assert.java:54)
	at Cases.CaseDataEntityCases2.RunAutoMation(CaseDataEntityCases2.java:39)
</failure>
    <system-out>用户名密码登录xpath
xpath
xpath
</system-out>
  </testcase>
  <testcase classname="Cases.CaseDataEntityCases2" name="RunAutoMation" time="2.326">
    <failure message="expected [true] but found [false]" type="java.lang.AssertionError">java.lang.AssertionError: expected [true] but found [false]
	at org.testng.Assert.fail(Assert.java:96)
	at org.testng.Assert.failNotEquals(Assert.java:776)
	at org.testng.Assert.assertTrue(Assert.java:44)
	at org.testng.Assert.assertTrue(Assert.java:54)
	at Cases.CaseDataEntityCases2.RunAutoMation(CaseDataEntityCases2.java:39)
</failure>
    <system-out>xpath
xpath
xpath
</system-out>
  </testcase>
  <testcase classname="Cases.CaseDataEntityCases2" name="RunAutoMation" time="2.352">
    <failure message="expected [true] but found [false]" type="java.lang.AssertionError">java.lang.AssertionError: expected [true] but found [false]
	at org.testng.Assert.fail(Assert.java:96)
	at org.testng.Assert.failNotEquals(Assert.java:776)
	at org.testng.Assert.assertTrue(Assert.java:44)
	at org.testng.Assert.assertTrue(Assert.java:54)
	at Cases.CaseDataEntityCases2.RunAutoMation(CaseDataEntityCases2.java:39)
</failure>
    <system-out>xpath
xpath
xpath
</system-out>
  </testcase>
  <testcase classname="Cases.CaseDataEntityCases2" name="RunAutoMation" time="2.366">
    <failure message="expected [true] but found [false]" type="java.lang.AssertionError">java.lang.AssertionError: expected [true] but found [false]
	at org.testng.Assert.fail(Assert.java:96)
	at org.testng.Assert.failNotEquals(Assert.java:776)
	at org.testng.Assert.assertTrue(Assert.java:44)
	at org.testng.Assert.assertTrue(Assert.java:54)
	at Cases.CaseDataEntityCases2.RunAutoMation(CaseDataEntityCases2.java:39)
</failure>
    <system-out>xpath
xpath
xpath
</system-out>
  </testcase>
</testsuite>