<?xml version="1.0" encoding="UTF-8" ?>
<testsuite tests="4" failures="4" name="TestSuite" time="20.816" errors="0" skipped="0">
  <properties>
[...]
</properties>
  <testcase classname="Cases.CaseDataEntityCases2" name="RunAutoMation" time="3.787">
    <failure message="expected [true] but found [false]" type="java.lang.AssertionError">java.lang.AssertionError: expected [true] but found [false]
	at org.testng.Assert.fail(Assert.java:96)
	at org.testng.Assert.failNotEquals(Assert.java:776)
	at org.testng.Assert.assertTrue(Assert.java:44)
	at org.testng.Assert.assertTrue(Assert.java:54)
	at Cases.CaseDataEntityCases2.RunAutoMation(CaseDataEntityCases2.java:43)
</failure>
    <system-out>@HL
@HL-------------------------------------------------------
@HL T E S T S
@HL-------------------------------------------------------
@SLRunning TestSuite
CaseIdIsEegtiveDescUsernamePasswordExpectedResponseDataAxtualResponseData用户名密码登录xpath
xpath
xpath
</system-out>
    <system-err>log4j:ERROR Could not find value for key log4j.appender.console.file
log4j:ERROR Could not instantiate appender named &quot;console.file&quot;.
六月 25, 2021 9:47:15 下午 org.openqa.selenium.remote.ProtocolHandshake createSession
信息: Detected dialect: W3C
六月 25, 2021 9:47:15 下午 org.openqa.selenium.devtools.CdpVersionFinder findNearestMatch
警告: Unable to find an exact match for CDP version 90, so returning the closest version found: 86
六月 25, 2021 9:47:15 下午 org.openqa.selenium.devtools.CdpVersionFinder findNearestMatch
信息: Found CDP implementation for version 90 of 86
六月 25, 2021 9:47:15 下午 Cases.OpenBrowse to
信息: *******************************************开始访问地址http://114.215.239.112:8081/zentao/user-login-L3plbnRhby9teS5odG1s.html
六月 25, 2021 9:47:17 下午 Cases.CaseDataEntityCases2 RunAutoMation
信息: *******************************************UserName
六月 25, 2021 9:47:17 下午 Cases.OpenBrowse input
信息: *******************************************开始输入测试数据登录页面
六月 25, 2021 9:47:17 下午 Cases.OpenBrowse input
信息: *******************************************测试数据
六月 25, 2021 9:47:17 下午 Cases.CaseDataEntityCases2 RunAutoMation
信息: *******************************************Passwordjuchunchun2020
六月 25, 2021 9:47:17 下午 Cases.OpenBrowse input
信息: *******************************************开始输入测试数据登录页面
六月 25, 2021 9:47:17 下午 Cases.OpenBrowse input
信息: *******************************************测试数据juchunchun2020
六月 25, 2021 9:47:17 下午 Cases.OpenBrowse cicki
信息: *******************************************下一步操作登录页面
</system-err>
  </testcase>
  <testcase classname="Cases.CaseDataEntityCases2" name="RunAutoMation" time="2.903">
    <failure message="expected [true] but found [false]" type="java.lang.AssertionError">java.lang.AssertionError: expected [true] but found [false]
	at org.testng.Assert.fail(Assert.java:96)
	at org.testng.Assert.failNotEquals(Assert.java:776)
	at org.testng.Assert.assertTrue(Assert.java:44)
	at org.testng.Assert.assertTrue(Assert.java:54)
	at Cases.CaseDataEntityCases2.RunAutoMation(CaseDataEntityCases2.java:43)
</failure>
    <system-out>xpath
xpath
xpath
</system-out>
    <system-err>六月 25, 2021 9:47:20 下午 Cases.OpenBrowse to
信息: *******************************************开始访问地址http://114.215.239.112:8081/zentao/user-login-L3plbnRhby9teS5odG1s.html
六月 25, 2021 9:47:20 下午 Cases.CaseDataEntityCases2 RunAutoMation
信息: *******************************************UserNamejuchunchun
六月 25, 2021 9:47:20 下午 Cases.OpenBrowse input
信息: *******************************************开始输入测试数据登录页面
六月 25, 2021 9:47:20 下午 Cases.OpenBrowse input
信息: *******************************************测试数据juchunchun
六月 25, 2021 9:47:20 下午 Cases.CaseDataEntityCases2 RunAutoMation
信息: *******************************************Password
六月 25, 2021 9:47:20 下午 Cases.OpenBrowse input
信息: *******************************************开始输入测试数据登录页面
六月 25, 2021 9:47:20 下午 Cases.OpenBrowse input
信息: *******************************************测试数据
六月 25, 2021 9:47:20 下午 Cases.OpenBrowse cicki
信息: *******************************************下一步操作登录页面
</system-err>
  </testcase>
  <testcase classname="Cases.CaseDataEntityCases2" name="RunAutoMation" time="2.581">
    <failure message="expected [true] but found [false]" type="java.lang.AssertionError">java.lang.AssertionError: expected [true] but found [false]
	at org.testng.Assert.fail(Assert.java:96)
	at org.testng.Assert.failNotEquals(Assert.java:776)
	at org.testng.Assert.assertTrue(Assert.java:44)
	at org.testng.Assert.assertTrue(Assert.java:54)
	at Cases.CaseDataEntityCases2.RunAutoMation(CaseDataEntityCases2.java:43)
</failure>
    <system-out>xpath
xpath
xpath
</system-out>
    <system-err>六月 25, 2021 9:47:23 下午 Cases.OpenBrowse to
信息: *******************************************开始访问地址http://114.215.239.112:8081/zentao/user-login-L3plbnRhby9teS5odG1s.html
六月 25, 2021 9:47:23 下午 Cases.CaseDataEntityCases2 RunAutoMation
信息: *******************************************UserNamejuchunchu
六月 25, 2021 9:47:23 下午 Cases.OpenBrowse input
信息: *******************************************开始输入测试数据登录页面
六月 25, 2021 9:47:23 下午 Cases.OpenBrowse input
信息: *******************************************测试数据juchunchu
六月 25, 2021 9:47:23 下午 Cases.CaseDataEntityCases2 RunAutoMation
信息: *******************************************Passwordjuchunchun2020
六月 25, 2021 9:47:23 下午 Cases.OpenBrowse input
信息: *******************************************开始输入测试数据登录页面
六月 25, 2021 9:47:23 下午 Cases.OpenBrowse input
信息: *******************************************测试数据juchunchun2020
六月 25, 2021 9:47:23 下午 Cases.OpenBrowse cicki
信息: *******************************************下一步操作登录页面
</system-err>
  </testcase>
  <testcase classname="Cases.CaseDataEntityCases2" name="RunAutoMation" time="2.566">
    <failure message="expected [true] but found [false]" type="java.lang.AssertionError">java.lang.AssertionError: expected [true] but found [false]
	at org.testng.Assert.fail(Assert.java:96)
	at org.testng.Assert.failNotEquals(Assert.java:776)
	at org.testng.Assert.assertTrue(Assert.java:44)
	at org.testng.Assert.assertTrue(Assert.java:54)
	at Cases.CaseDataEntityCases2.RunAutoMation(CaseDataEntityCases2.java:43)
</failure>
    <system-out>xpath
xpath
xpath
</system-out>
    <system-err>六月 25, 2021 9:47:26 下午 Cases.OpenBrowse to
信息: *******************************************开始访问地址http://114.215.239.112:8081/zentao/user-login-L3plbnRhby9teS5odG1s.html
六月 25, 2021 9:47:26 下午 Cases.CaseDataEntityCases2 RunAutoMation
信息: *******************************************UserNamejuchunchun
六月 25, 2021 9:47:26 下午 Cases.OpenBrowse input
信息: *******************************************开始输入测试数据登录页面
六月 25, 2021 9:47:26 下午 Cases.OpenBrowse input
信息: *******************************************测试数据juchunchun
六月 25, 2021 9:47:26 下午 Cases.CaseDataEntityCases2 RunAutoMation
信息: *******************************************Passwordjuchunchun202
六月 25, 2021 9:47:26 下午 Cases.OpenBrowse input
信息: *******************************************开始输入测试数据登录页面
六月 25, 2021 9:47:26 下午 Cases.OpenBrowse input
信息: *******************************************测试数据juchunchun202
六月 25, 2021 9:47:26 下午 Cases.OpenBrowse cicki
信息: *******************************************下一步操作登录页面
</system-err>
  </testcase>
</testsuite>